     [exec] Result: -1
C:\java\BigDatalogLatest\core\src\main\scala\org\apache\spark\scheduler\JobLogger.scala:77: warning: Could not find any member to link for "FileNotFoundException".
  /**
  ^
C:\java\BigDatalogLatest\core\src\main\scala\org\apache\spark\SparkConf.scala:235: warning: Could not find any member to link for "NoSuchElementException".
  /**
  ^
C:\java\BigDatalogLatest\core\src\main\scala\org\apache\spark\SparkConf.scala:293: warning: Could not find any member to link for "NoSuchElementException".
  /**
  ^
C:\java\BigDatalogLatest\core\src\main\scala\org\apache\spark\SparkConf.scala:259: warning: Could not find any member to link for "NoSuchElementException".
  /**
  ^
C:\java\BigDatalogLatest\core\src\main\scala\org\apache\spark\SparkConf.scala:276: warning: Could not find any member to link for "NoSuchElementException".
  /**
  ^
C:\java\BigDatalogLatest\core\src\main\scala\org\apache\spark\SparkConf.scala:218: warning: Could not find any member to link for "NoSuchElementException".
  /**
  ^
C:\java\BigDatalogLatest\core\src\main\scala\org\apache\spark\SparkConf.scala:201: warning: Could not find any member to link for "NoSuchElementException".
  /**
  ^
C:\java\BigDatalogLatest\core\src\main\scala\org\apache\spark\FutureAction.scala:52: warning: Could not find any member to link for "Exception".
  /**
  ^
C:\java\BigDatalogLatest\core\src\main\scala\org\apache\spark\deploy\SparkHadoopUtil.scala:339: warning: Variable hadoopconf- ..  undefined in comment for method substituteHadoopVariables in class SparkHadoopUtil
   * ${hadoopconf- .. } pattern are substituted.
      ^
C:\java\BigDatalogLatest\core\src\main\scala\org\apache\spark\Accumulators.scala:228: warning: The link target "SparkContext#accumulator" is ambiguous. Several members fit the target:
[T](initialValue: T,name: String)(implicit param: org.apache.spark.AccumulatorParam[T]): org.apache.spark.Accumulator[T] in class SparkContext [chosen]
[T](initialValue: T)(implicit param: org.apache.spark.AccumulatorParam[T]): org.apache.spark.Accumulator[T] in class SparkContext


Quick crash course on using Scaladoc links
==========================================
Disambiguating terms and types: Prefix terms with '$' and types with '!' in case both names are in use:
 - [[scala.collection.immutable.List!.apply class List's apply method]] and
 - [[scala.collection.immutable.List$.apply object List's apply method]]
Disambiguating overloaded members: If a term is overloaded, you can indicate the first part of its signature followed by *:
 - [[[scala.collection.immutable.List$.fill[A](Int)(?A):List[A]* Fill with a single parameter]]]
 - [[[scala.collection.immutable.List$.fill[A](Int,Int)(?A):List[List[A]]* Fill with a two parameters]]]
Notes:
 - you can use any number of matching square brackets to avoid interference with the signature
 - you can use \\. to escape dots in prefixes (don't forget to use * at the end to match the signature!)
 - you can use \\# to escape hashes, otherwise they will be considered as delimiters, like dots.
/**
^
C:\java\BigDatalogLatest\core\src\main\scala\org\apache\spark\TaskEndReason.scala:65: warning: Could not find any member to link for "org.apache.spark.scheduler.ShuffleMapTask".
/**
^
C:\java\BigDatalogLatest\core\src\main\scala\org\apache\spark\executor\package.scala:20: warning: Could not find any member to link for "org.apache.spark.executor.Executor".
/**
^
C:\java\BigDatalogLatest\core\src\main\scala\org\apache\spark\memory\package.scala:20: warning: Could not find any member to link for "org.apache.spark.memory.MemoryManager".
/**
^
C:\java\BigDatalogLatest\core\src\main\scala\org\apache\spark\memory\package.scala:20: warning: Could not find any member to link for "org.apache.spark.memory.MemoryPool".
/**
^
C:\java\BigDatalogLatest\core\src\main\scala\org\apache\spark\memory\package.scala:20: warning: Could not find any member to link for "org.apache.spark.memory.UnifiedMemoryManager".
/**
^
C:\java\BigDatalogLatest\core\src\main\scala\org\apache\spark\memory\package.scala:20: warning: Could not find any member to link for "org.apache.spark.memory.StaticMemoryManager".
/**
^
C:\java\BigDatalogLatest\core\src\main\scala\org\apache\spark\scheduler\package.scala:20: warning: Could not find any member to link for "org.apache.spark.scheduler.DAGScheduler".
/**
^
C:\java\BigDatalogLatest\core\src\main\scala\org\apache\spark\scheduler\package.scala:20: warning: Could not find any member to link for "org.apache.spark.scheduler.TaskScheduler".
/**
^
C:\java\BigDatalogLatest\core\src\main\scala\org\apache\spark\TaskContext.scala:184: warning: Could not find any member to link for "org.apache.spark.metrics.MetricsSystem!".
  /**
  ^
C:\java\BigDatalogLatest\core\src\main\scala\org\apache\spark\scheduler\Task.scala:60: warning: Could not find any member to link for "Executor".
  /**
  ^
C:\java\BigDatalogLatest\core\src\main\scala\org\apache\spark\rdd\HadoopRDD.scala:81: warning: Could not find any member to link for "org.apache.spark.SparkContext.hadoopRDD()".
/**
^
C:\java\BigDatalogLatest\core\src\main\scala\org\apache\spark\rdd\NewHadoopRDD.scala:51: warning: Could not find any member to link for "org.apache.spark.SparkContext.newAPIHadoopRDD()".
/**
^
C:\java\BigDatalogLatest\core\src\main\scala\org\apache\spark\rdd\RDD.scala:1813: warning: The link target "PairRDDFunctions.reduceByKey" is ambiguous. Several members fit the target:
(func: (V, V) => V): org.apache.spark.rdd.RDD[(K, V)] in class PairRDDFunctions [chosen]
(func: (V, V) => V,numPartitions: Int): org.apache.spark.rdd.RDD[(K, V)] in class PairRDDFunctions
(partitioner: org.apache.spark.Partitioner,func: (V, V) => V): org.apache.spark.rdd.RDD[(K, V)] in class PairRDDFunctions


/**
^
C:\java\BigDatalogLatest\core\src\main\scala\org\apache\spark\rdd\RDD.scala:638: warning: The link target "PairRDDFunctions.aggregateByKey" is ambiguous. Several members fit the target:
[U](zeroValue: U)(seqOp: (U, V) => U,combOp: (U, U) => U)(implicit evidence$3: scala.reflect.ClassTag[U]): org.apache.spark.rdd.RDD[(K, U)] in class PairRDDFunctions [chosen]
[U](zeroValue: U,numPartitions: Int)(seqOp: (U, V) => U,combOp: (U, U) => U)(implicit evidence$2: scala.reflect.ClassTag[U]): org.apache.spark.rdd.RDD[(K, U)] in class PairRDDFunctions
[U](zeroValue: U,partitioner: org.apache.spark.Partitioner)(seqOp: (U, V) => U,combOp: (U, U) => U)(implicit evidence$1: scala.reflect.ClassTag[U]): org.apache.spark.rdd.RDD[(K, U)] in class PairRDDFunctions


  /**
  ^
C:\java\BigDatalogLatest\core\src\main\scala\org\apache\spark\rdd\RDD.scala:638: warning: The link target "PairRDDFunctions.reduceByKey" is ambiguous. Several members fit the target:
(func: (V, V) => V): org.apache.spark.rdd.RDD[(K, V)] in class PairRDDFunctions [chosen]
(func: (V, V) => V,numPartitions: Int): org.apache.spark.rdd.RDD[(K, V)] in class PairRDDFunctions
(partitioner: org.apache.spark.Partitioner,func: (V, V) => V): org.apache.spark.rdd.RDD[(K, V)] in class PairRDDFunctions


  /**
  ^
C:\java\BigDatalogLatest\core\src\main\scala\org\apache\spark\rdd\RDD.scala:623: warning: The link target "PairRDDFunctions.aggregateByKey" is ambiguous. Several members fit the target:
[U](zeroValue: U)(seqOp: (U, V) => U,combOp: (U, U) => U)(implicit evidence$3: scala.reflect.ClassTag[U]): org.apache.spark.rdd.RDD[(K, U)] in class PairRDDFunctions [chosen]
[U](zeroValue: U,numPartitions: Int)(seqOp: (U, V) => U,combOp: (U, U) => U)(implicit evidence$2: scala.reflect.ClassTag[U]): org.apache.spark.rdd.RDD[(K, U)] in class PairRDDFunctions
[U](zeroValue: U,partitioner: org.apache.spark.Partitioner)(seqOp: (U, V) => U,combOp: (U, U) => U)(implicit evidence$1: scala.reflect.ClassTag[U]): org.apache.spark.rdd.RDD[(K, U)] in class PairRDDFunctions


  /**
  ^
C:\java\BigDatalogLatest\core\src\main\scala\org\apache\spark\rdd\RDD.scala:623: warning: The link target "PairRDDFunctions.reduceByKey" is ambiguous. Several members fit the target:
(func: (V, V) => V): org.apache.spark.rdd.RDD[(K, V)] in class PairRDDFunctions [chosen]
(func: (V, V) => V,numPartitions: Int): org.apache.spark.rdd.RDD[(K, V)] in class PairRDDFunctions
(partitioner: org.apache.spark.Partitioner,func: (V, V) => V): org.apache.spark.rdd.RDD[(K, V)] in class PairRDDFunctions


  /**
  ^
C:\java\BigDatalogLatest\core\src\main\scala\org\apache\spark\rdd\RDD.scala:610: warning: The link target "PairRDDFunctions.aggregateByKey" is ambiguous. Several members fit the target:
[U](zeroValue: U)(seqOp: (U, V) => U,combOp: (U, U) => U)(implicit evidence$3: scala.reflect.ClassTag[U]): org.apache.spark.rdd.RDD[(K, U)] in class PairRDDFunctions [chosen]
[U](zeroValue: U,numPartitions: Int)(seqOp: (U, V) => U,combOp: (U, U) => U)(implicit evidence$2: scala.reflect.ClassTag[U]): org.apache.spark.rdd.RDD[(K, U)] in class PairRDDFunctions
[U](zeroValue: U,partitioner: org.apache.spark.Partitioner)(seqOp: (U, V) => U,combOp: (U, U) => U)(implicit evidence$1: scala.reflect.ClassTag[U]): org.apache.spark.rdd.RDD[(K, U)] in class PairRDDFunctions


  /**
  ^
C:\java\BigDatalogLatest\core\src\main\scala\org\apache\spark\rdd\RDD.scala:610: warning: The link target "PairRDDFunctions.reduceByKey" is ambiguous. Several members fit the target:
(func: (V, V) => V): org.apache.spark.rdd.RDD[(K, V)] in class PairRDDFunctions [chosen]
(func: (V, V) => V,numPartitions: Int): org.apache.spark.rdd.RDD[(K, V)] in class PairRDDFunctions
(partitioner: org.apache.spark.Partitioner,func: (V, V) => V): org.apache.spark.rdd.RDD[(K, V)] in class PairRDDFunctions


  /**
  ^
C:\java\BigDatalogLatest\core\src\main\scala\org\apache\spark\rdd\PairRDDFunctions.scala:604: warning: The link target "combineByKeyWithClassTag" is ambiguous. Several members fit the target:
[C](createCombiner: V => C,mergeValue: (C, V) => C,mergeCombiners: (C, C) => C)(implicit ct: scala.reflect.ClassTag[C]): org.apache.spark.rdd.RDD[(K, C)] in class PairRDDFunctions [chosen]
[C](createCombiner: V => C,mergeValue: (C, V) => C,mergeCombiners: (C, C) => C,numPartitions: Int)(implicit ct: scala.reflect.ClassTag[C]): org.apache.spark.rdd.RDD[(K, C)] in class PairRDDFunctions
[C](createCombiner: V => C,mergeValue: (C, V) => C,mergeCombiners: (C, C) => C,partitioner: org.apache.spark.Partitioner,mapSideCombine: Boolean,serializer: org.apache.spark.serializer.Serializer)(implicit ct: scala.reflect.ClassTag[C]): org.apache.spark.rdd.RDD[(K, C)] in class PairRDDFunctions


  /**
  ^
C:\java\BigDatalogLatest\core\src\main\scala\org\apache\spark\rdd\PairRDDFunctions.scala:127: warning: The link target "combineByKeyWithClassTag" is ambiguous. Several members fit the target:
[C](createCombiner: V => C,mergeValue: (C, V) => C,mergeCombiners: (C, C) => C)(implicit ct: scala.reflect.ClassTag[C]): org.apache.spark.rdd.RDD[(K, C)] in class PairRDDFunctions [chosen]
[C](createCombiner: V => C,mergeValue: (C, V) => C,mergeCombiners: (C, C) => C,numPartitions: Int)(implicit ct: scala.reflect.ClassTag[C]): org.apache.spark.rdd.RDD[(K, C)] in class PairRDDFunctions
[C](createCombiner: V => C,mergeValue: (C, V) => C,mergeCombiners: (C, C) => C,partitioner: org.apache.spark.Partitioner,mapSideCombine: Boolean,serializer: org.apache.spark.serializer.Serializer)(implicit ct: scala.reflect.ClassTag[C]): org.apache.spark.rdd.RDD[(K, C)] in class PairRDDFunctions


  /**
  ^
C:\java\BigDatalogLatest\core\src\main\scala\org\apache\spark\rdd\PairRDDFunctions.scala:109: warning: The link target "combineByKeyWithClassTag" is ambiguous. Several members fit the target:
[C](createCombiner: V => C,mergeValue: (C, V) => C,mergeCombiners: (C, C) => C)(implicit ct: scala.reflect.ClassTag[C]): org.apache.spark.rdd.RDD[(K, C)] in class PairRDDFunctions [chosen]
[C](createCombiner: V => C,mergeValue: (C, V) => C,mergeCombiners: (C, C) => C,numPartitions: Int)(implicit ct: scala.reflect.ClassTag[C]): org.apache.spark.rdd.RDD[(K, C)] in class PairRDDFunctions
[C](createCombiner: V => C,mergeValue: (C, V) => C,mergeCombiners: (C, C) => C,partitioner: org.apache.spark.Partitioner,mapSideCombine: Boolean,serializer: org.apache.spark.serializer.Serializer)(implicit ct: scala.reflect.ClassTag[C]): org.apache.spark.rdd.RDD[(K, C)] in class PairRDDFunctions


  /**
  ^
C:\java\BigDatalogLatest\core\src\main\scala\org\apache\spark\rdd\PairRDDFunctions.scala:631: warning: The link target "PairRDDFunctions.aggregateByKey" is ambiguous. Several members fit the target:
[U](zeroValue: U)(seqOp: (U, V) => U,combOp: (U, U) => U)(implicit evidence$3: scala.reflect.ClassTag[U]): org.apache.spark.rdd.RDD[(K, U)] in class PairRDDFunctions [chosen]
[U](zeroValue: U,numPartitions: Int)(seqOp: (U, V) => U,combOp: (U, U) => U)(implicit evidence$2: scala.reflect.ClassTag[U]): org.apache.spark.rdd.RDD[(K, U)] in class PairRDDFunctions
[U](zeroValue: U,partitioner: org.apache.spark.Partitioner)(seqOp: (U, V) => U,combOp: (U, U) => U)(implicit evidence$1: scala.reflect.ClassTag[U]): org.apache.spark.rdd.RDD[(K, U)] in class PairRDDFunctions


  /**
  ^
C:\java\BigDatalogLatest\core\src\main\scala\org\apache\spark\rdd\PairRDDFunctions.scala:631: warning: The link target "PairRDDFunctions.reduceByKey" is ambiguous. Several members fit the target:
(func: (V, V) => V): org.apache.spark.rdd.RDD[(K, V)] in class PairRDDFunctions [chosen]
(func: (V, V) => V,numPartitions: Int): org.apache.spark.rdd.RDD[(K, V)] in class PairRDDFunctions
(partitioner: org.apache.spark.Partitioner,func: (V, V) => V): org.apache.spark.rdd.RDD[(K, V)] in class PairRDDFunctions


  /**
  ^
C:\java\BigDatalogLatest\core\src\main\scala\org\apache\spark\rdd\PairRDDFunctions.scala:511: warning: The link target "PairRDDFunctions.aggregateByKey" is ambiguous. Several members fit the target:
[U](zeroValue: U)(seqOp: (U, V) => U,combOp: (U, U) => U)(implicit evidence$3: scala.reflect.ClassTag[U]): org.apache.spark.rdd.RDD[(K, U)] in class PairRDDFunctions [chosen]
[U](zeroValue: U,numPartitions: Int)(seqOp: (U, V) => U,combOp: (U, U) => U)(implicit evidence$2: scala.reflect.ClassTag[U]): org.apache.spark.rdd.RDD[(K, U)] in class PairRDDFunctions
[U](zeroValue: U,partitioner: org.apache.spark.Partitioner)(seqOp: (U, V) => U,combOp: (U, U) => U)(implicit evidence$1: scala.reflect.ClassTag[U]): org.apache.spark.rdd.RDD[(K, U)] in class PairRDDFunctions


  /**
  ^
C:\java\BigDatalogLatest\core\src\main\scala\org\apache\spark\rdd\PairRDDFunctions.scala:511: warning: The link target "PairRDDFunctions.reduceByKey" is ambiguous. Several members fit the target:
(func: (V, V) => V): org.apache.spark.rdd.RDD[(K, V)] in class PairRDDFunctions [chosen]
(func: (V, V) => V,numPartitions: Int): org.apache.spark.rdd.RDD[(K, V)] in class PairRDDFunctions
(partitioner: org.apache.spark.Partitioner,func: (V, V) => V): org.apache.spark.rdd.RDD[(K, V)] in class PairRDDFunctions


  /**
  ^
C:\java\BigDatalogLatest\core\src\main\scala\org\apache\spark\rdd\PairRDDFunctions.scala:511: warning: Could not find any member to link for "OutOfMemoryError".
  /**
  ^
C:\java\BigDatalogLatest\core\src\main\scala\org\apache\spark\rdd\PairRDDFunctions.scala:486: warning: The link target "PairRDDFunctions.aggregateByKey" is ambiguous. Several members fit the target:
[U](zeroValue: U)(seqOp: (U, V) => U,combOp: (U, U) => U)(implicit evidence$3: scala.reflect.ClassTag[U]): org.apache.spark.rdd.RDD[(K, U)] in class PairRDDFunctions [chosen]
[U](zeroValue: U,numPartitions: Int)(seqOp: (U, V) => U,combOp: (U, U) => U)(implicit evidence$2: scala.reflect.ClassTag[U]): org.apache.spark.rdd.RDD[(K, U)] in class PairRDDFunctions
[U](zeroValue: U,partitioner: org.apache.spark.Partitioner)(seqOp: (U, V) => U,combOp: (U, U) => U)(implicit evidence$1: scala.reflect.ClassTag[U]): org.apache.spark.rdd.RDD[(K, U)] in class PairRDDFunctions


  /**
  ^
C:\java\BigDatalogLatest\core\src\main\scala\org\apache\spark\rdd\PairRDDFunctions.scala:486: warning: The link target "PairRDDFunctions.reduceByKey" is ambiguous. Several members fit the target:
(func: (V, V) => V): org.apache.spark.rdd.RDD[(K, V)] in class PairRDDFunctions [chosen]
(func: (V, V) => V,numPartitions: Int): org.apache.spark.rdd.RDD[(K, V)] in class PairRDDFunctions
(partitioner: org.apache.spark.Partitioner,func: (V, V) => V): org.apache.spark.rdd.RDD[(K, V)] in class PairRDDFunctions


  /**
  ^
C:\java\BigDatalogLatest\core\src\main\scala\org\apache\spark\rdd\PairRDDFunctions.scala:486: warning: Could not find any member to link for "OutOfMemoryError".
  /**
  ^
C:\java\BigDatalogLatest\core\src\main\scala\org\apache\spark\deploy\SparkHadoopUtil.scala:229: warning: Could not find any member to link for "FileStatus".
  /**
  ^
C:\java\BigDatalogLatest\core\src\main\scala\org\apache\spark\deploy\SparkHadoopUtil.scala:220: warning: Could not find any member to link for "FileStatus".
  /**
  ^
C:\java\BigDatalogLatest\core\src\main\scala\org\apache\spark\deploy\history\HistoryServer.scala:225: warning: Variable SPARK undefined in comment for object HistoryServer in object HistoryServer
 * the $SPARK_HISTORY_OPTS environment variable. For example:
        ^
C:\java\BigDatalogLatest\core\src\main\scala\org\apache\spark\status\api\v1\ApiRootResource.scala:209: warning: Could not find any member to link for "ZipOutputStream".
  /**
  ^
C:\java\BigDatalogLatest\core\src\main\scala\org\apache\spark\status\api\v1\ApiRootResource.scala:209: warning: Could not find any member to link for "None".
  /**
  ^
C:\java\BigDatalogLatest\core\src\main\scala\org\apache\spark\broadcast\HttpBroadcastFactory.scala:24: warning: Could not find any member to link for "org.apache.spark.broadcast.HttpBroadcast".
/**
^
C:\java\BigDatalogLatest\core\src\main\scala\org\apache\spark\broadcast\TorrentBroadcastFactory.scala:24: warning: Could not find any member to link for "org.apache.spark.broadcast.TorrentBroadcast".
/**
^
C:\java\BigDatalogLatest\core\src\main\scala\org\apache\spark\util\RpcUtils.scala:28: warning: Could not find any member to link for "RpcEndpointRef".
  /**
  ^
C:\java\BigDatalogLatest\core\src\main\scala\org\apache\spark\util\collection\SortDataFormat.scala:49: warning: Could not find any member to link for "getKey(Buffer,".
  /**
  ^
C:\java\BigDatalogLatest\core\src\main\scala\org\apache\spark\util\collection\SortDataFormat.scala:49: warning: Could not find any member to link for "newKey()".
  /**
  ^
C:\java\BigDatalogLatest\core\src\main\scala\org\apache\spark\util\collection\SortDataFormat.scala:40: warning: Could not find any member to link for "getKey(Buffer,".
  /**
  ^
C:\java\BigDatalogLatest\core\src\main\scala\org\apache\spark\api\java\JavaSparkContext.scala:796: warning: The link target "org.apache.spark.api.java.JavaSparkContext.setJobGroup" is ambiguous. Several members fit the target:
(groupId: String,description: String): Unit in class JavaSparkContext [chosen]
(groupId: String,description: String,interruptOnCancel: Boolean): Unit in class JavaSparkContext


  /**
  ^
C:\java\BigDatalogLatest\core\src\main\scala\org\apache\spark\api\java\JavaRDDLike.scala:427: warning: The link target "org.apache.spark.api.java.JavaRDDLike#treeAggregate" is ambiguous. Several members fit the target:
[U](zeroValue: U,seqOp: org.apache.spark.api.java.function.Function2[U,T,U],combOp: org.apache.spark.api.java.function.Function2[U,U,U]): U in trait JavaRDDLike [chosen]
[U](zeroValue: U,seqOp: org.apache.spark.api.java.function.Function2[U,T,U],combOp: org.apache.spark.api.java.function.Function2[U,U,U],depth: Int): U in trait JavaRDDLike


  /**
  ^
C:\java\BigDatalogLatest\core\src\main\scala\org\apache\spark\api\java\JavaRDDLike.scala:380: warning: The link target "org.apache.spark.api.java.JavaRDDLike#treeReduce" is ambiguous. Several members fit the target:
(f: org.apache.spark.api.java.function.Function2[T,T,T]): T in trait JavaRDDLike [chosen]
(f: org.apache.spark.api.java.function.Function2[T,T,T],depth: Int): T in trait JavaRDDLike


  /**
  ^
C:\java\BigDatalogLatest\core\src\main\scala\org\apache\spark\api\java\JavaPairRDD.scala:529: warning: The link target "JavaPairRDD.reduceByKey" is ambiguous. Several members fit the target:
(func: org.apache.spark.api.java.function.Function2[V,V,V]): org.apache.spark.api.java.JavaPairRDD[K,V] in class JavaPairRDD [chosen]
(func: org.apache.spark.api.java.function.Function2[V,V,V],numPartitions: Int): org.apache.spark.api.java.JavaPairRDD[K,V] in class JavaPairRDD
(partitioner: org.apache.spark.Partitioner,func: org.apache.spark.api.java.function.Function2[V,V,V]): org.apache.spark.api.java.JavaPairRDD[K,V] in class JavaPairRDD


  /**
  ^
C:\java\BigDatalogLatest\core\src\main\scala\org\apache\spark\api\java\JavaPairRDD.scala:529: warning: The link target "JavaPairRDD.combineByKey" is ambiguous. Several members fit the target:
[C](createCombiner: org.apache.spark.api.java.function.Function[V,C],mergeValue: org.apache.spark.api.java.function.Function2[C,V,C],mergeCombiners: org.apache.spark.api.java.function.Function2[C,C,C]): org.apache.spark.api.java.JavaPairRDD[K,C] in class JavaPairRDD [chosen]
[C](createCombiner: org.apache.spark.api.java.function.Function[V,C],mergeValue: org.apache.spark.api.java.function.Function2[C,V,C],mergeCombiners: org.apache.spark.api.java.function.Function2[C,C,C],numPartitions: Int): org.apache.spark.api.java.JavaPairRDD[K,C] in class JavaPairRDD
[C](createCombiner: org.apache.spark.api.java.function.Function[V,C],mergeValue: org.apache.spark.api.java.function.Function2[C,V,C],mergeCombiners: org.apache.spark.api.java.function.Function2[C,C,C],partitioner: org.apache.spark.Partitioner): org.apache.spark.api.java.JavaPairRDD[K,C] in class JavaPairRDD
[C](createCombiner: org.apache.spark.api.java.function.Function[V,C],mergeValue: org.apache.spark.api.java.function.Function2[C,V,C],mergeCombiners: org.apache.spark.api.java.function.Function2[C,C,C],partitioner: org.apache.spark.Partitioner,mapSideCombine: Boolean,serializer: org.apache.spark.serializer.Serializer): org.apache.spark.api.java.JavaPairRDD[K,C] in class JavaPairRDD


  /**
  ^
C:\java\BigDatalogLatest\core\src\main\scala\org\apache\spark\api\java\JavaPairRDD.scala:399: warning: The link target "JavaPairRDD.reduceByKey" is ambiguous. Several members fit the target:
(func: org.apache.spark.api.java.function.Function2[V,V,V]): org.apache.spark.api.java.JavaPairRDD[K,V] in class JavaPairRDD [chosen]
(func: org.apache.spark.api.java.function.Function2[V,V,V],numPartitions: Int): org.apache.spark.api.java.JavaPairRDD[K,V] in class JavaPairRDD
(partitioner: org.apache.spark.Partitioner,func: org.apache.spark.api.java.function.Function2[V,V,V]): org.apache.spark.api.java.JavaPairRDD[K,V] in class JavaPairRDD


  /**
  ^
C:\java\BigDatalogLatest\core\src\main\scala\org\apache\spark\api\java\JavaPairRDD.scala:399: warning: The link target "JavaPairRDD.combineByKey" is ambiguous. Several members fit the target:
[C](createCombiner: org.apache.spark.api.java.function.Function[V,C],mergeValue: org.apache.spark.api.java.function.Function2[C,V,C],mergeCombiners: org.apache.spark.api.java.function.Function2[C,C,C]): org.apache.spark.api.java.JavaPairRDD[K,C] in class JavaPairRDD [chosen]
[C](createCombiner: org.apache.spark.api.java.function.Function[V,C],mergeValue: org.apache.spark.api.java.function.Function2[C,V,C],mergeCombiners: org.apache.spark.api.java.function.Function2[C,C,C],numPartitions: Int): org.apache.spark.api.java.JavaPairRDD[K,C] in class JavaPairRDD
[C](createCombiner: org.apache.spark.api.java.function.Function[V,C],mergeValue: org.apache.spark.api.java.function.Function2[C,V,C],mergeCombiners: org.apache.spark.api.java.function.Function2[C,C,C],partitioner: org.apache.spark.Partitioner): org.apache.spark.api.java.JavaPairRDD[K,C] in class JavaPairRDD
[C](createCombiner: org.apache.spark.api.java.function.Function[V,C],mergeValue: org.apache.spark.api.java.function.Function2[C,V,C],mergeCombiners: org.apache.spark.api.java.function.Function2[C,C,C],partitioner: org.apache.spark.Partitioner,mapSideCombine: Boolean,serializer: org.apache.spark.serializer.Serializer): org.apache.spark.api.java.JavaPairRDD[K,C] in class JavaPairRDD


  /**
  ^
C:\java\BigDatalogLatest\core\src\main\scala\org\apache\spark\api\java\JavaPairRDD.scala:388: warning: The link target "JavaPairRDD.reduceByKey" is ambiguous. Several members fit the target:
(func: org.apache.spark.api.java.function.Function2[V,V,V]): org.apache.spark.api.java.JavaPairRDD[K,V] in class JavaPairRDD [chosen]
(func: org.apache.spark.api.java.function.Function2[V,V,V],numPartitions: Int): org.apache.spark.api.java.JavaPairRDD[K,V] in class JavaPairRDD
(partitioner: org.apache.spark.Partitioner,func: org.apache.spark.api.java.function.Function2[V,V,V]): org.apache.spark.api.java.JavaPairRDD[K,V] in class JavaPairRDD


  /**
  ^
C:\java\BigDatalogLatest\core\src\main\scala\org\apache\spark\api\java\JavaPairRDD.scala:388: warning: The link target "JavaPairRDD.combineByKey" is ambiguous. Several members fit the target:
[C](createCombiner: org.apache.spark.api.java.function.Function[V,C],mergeValue: org.apache.spark.api.java.function.Function2[C,V,C],mergeCombiners: org.apache.spark.api.java.function.Function2[C,C,C]): org.apache.spark.api.java.JavaPairRDD[K,C] in class JavaPairRDD [chosen]
[C](createCombiner: org.apache.spark.api.java.function.Function[V,C],mergeValue: org.apache.spark.api.java.function.Function2[C,V,C],mergeCombiners: org.apache.spark.api.java.function.Function2[C,C,C],numPartitions: Int): org.apache.spark.api.java.JavaPairRDD[K,C] in class JavaPairRDD
[C](createCombiner: org.apache.spark.api.java.function.Function[V,C],mergeValue: org.apache.spark.api.java.function.Function2[C,V,C],mergeCombiners: org.apache.spark.api.java.function.Function2[C,C,C],partitioner: org.apache.spark.Partitioner): org.apache.spark.api.java.JavaPairRDD[K,C] in class JavaPairRDD
[C](createCombiner: org.apache.spark.api.java.function.Function[V,C],mergeValue: org.apache.spark.api.java.function.Function2[C,V,C],mergeCombiners: org.apache.spark.api.java.function.Function2[C,C,C],partitioner: org.apache.spark.Partitioner,mapSideCombine: Boolean,serializer: org.apache.spark.serializer.Serializer): org.apache.spark.api.java.JavaPairRDD[K,C] in class JavaPairRDD


  /**
  ^
C:\java\BigDatalogLatest\core\src\main\scala\org\apache\spark\api\java\JavaPairRDD.scala:175: warning: The link target "sampleByKey" is ambiguous. Several members fit the target:
(withReplacement: Boolean,fractions: java.util.Map[K,Double]): org.apache.spark.api.java.JavaPairRDD[K,V] in class JavaPairRDD [chosen]
(withReplacement: Boolean,fractions: java.util.Map[K,Double],seed: Long): org.apache.spark.api.java.JavaPairRDD[K,V] in class JavaPairRDD


  /**
  ^
C:\java\BigDatalogLatest\core\src\main\scala\org\apache\spark\api\java\JavaPairRDD.scala:160: warning: The link target "sampleByKey" is ambiguous. Several members fit the target:
(withReplacement: Boolean,fractions: java.util.Map[K,Double]): org.apache.spark.api.java.JavaPairRDD[K,V] in class JavaPairRDD [chosen]
(withReplacement: Boolean,fractions: java.util.Map[K,Double],seed: Long): org.apache.spark.api.java.JavaPairRDD[K,V] in class JavaPairRDD


  /**
  ^
C:\java\BigDatalogLatest\core\src\main\scala\org\apache\spark\network\netty\SparkTransportConf.scala:41: warning: Could not find any member to link for "TransportConf".
  /**
  ^
C:\java\BigDatalogLatest\core\src\main\scala\org\apache\spark\network\BlockTransferService.scala:81: warning: The link target "init" is ambiguous. Several members fit the target:
(blockDataManager: org.apache.spark.network.BlockDataManager): Unit in class NettyBlockTransferService [chosen]
(x$1: String): Unit in class NettyBlockTransferService


  /**
  ^
C:\java\BigDatalogLatest\core\src\main\scala\org\apache\spark\network\BlockTransferService.scala:55: warning: The link target "init" is ambiguous. Several members fit the target:
(blockDataManager: org.apache.spark.network.BlockDataManager): Unit in class NettyBlockTransferService [chosen]
(x$1: String): Unit in class NettyBlockTransferService


  /**
  ^
C:\java\BigDatalogLatest\core\src\main\scala\org\apache\spark\network\BlockTransferService.scala:50: warning: The link target "init" is ambiguous. Several members fit the target:
(blockDataManager: org.apache.spark.network.BlockDataManager): Unit in class NettyBlockTransferService [chosen]
(x$1: String): Unit in class NettyBlockTransferService


  /**
  ^
C:\java\BigDatalogLatest\core\src\main\scala\org\apache\spark\network\BlockTransferService.scala:45: warning: The link target "init" is ambiguous. Several members fit the target:
(blockDataManager: org.apache.spark.network.BlockDataManager): Unit in class NettyBlockTransferService [chosen]
(x$1: String): Unit in class NettyBlockTransferService


  /**
  ^
C:\java\BigDatalogLatest\core\src\main\scala\org\apache\spark\network\BlockTransferService.scala:70: warning: The link target "init" is ambiguous. Several members fit the target:
(blockDataManager: org.apache.spark.network.BlockDataManager): Unit in class NettyBlockTransferService [chosen]
(x$1: String): Unit in class NettyBlockTransferService


  /**
  ^
C:\java\BigDatalogLatest\core\src\main\scala\org\apache\spark\network\BlockTransferService.scala:105: warning: The link target "init" is ambiguous. Several members fit the target:
(blockDataManager: org.apache.spark.network.BlockDataManager): Unit in class NettyBlockTransferService [chosen]
(x$1: String): Unit in class NettyBlockTransferService


  /**
  ^
69 warnings found
     [exec] Result: -1
C:\java\BigDatalogLatest\sql\catalyst\src\main\scala\org\apache\spark\sql\catalyst\expressions\Expression.scala:311: warning: Variable c undefined in comment for method defineCodeGen in class UnaryExpression
   *   defineCodeGen(ctx, ev, c => s"!($c)")
                                        ^
C:\java\BigDatalogLatest\sql\catalyst\src\main\scala\org\apache\spark\sql\Row.scala:338: warning: Could not find any member to link for "UnsupportedOperationException".
  /**
  ^
C:\java\BigDatalogLatest\sql\catalyst\src\main\scala\org\apache\spark\sql\Row.scala:338: warning: Could not find any member to link for "IllegalArgumentException".
  /**
  ^
C:\java\BigDatalogLatest\sql\catalyst\src\main\scala\org\apache\spark\sql\types\StructType.scala:232: warning: Could not find any member to link for "IllegalArgumentException".
  /**
  ^
C:\java\BigDatalogLatest\sql\catalyst\src\main\scala\org\apache\spark\sql\Row.scala:318: warning: Could not find any member to link for "ClassCastException".
  /**
  ^
C:\java\BigDatalogLatest\sql\catalyst\src\main\scala\org\apache\spark\sql\Row.scala:188: warning: Could not find any member to link for "NullPointerException".
  /**
  ^
C:\java\BigDatalogLatest\sql\catalyst\src\main\scala\org\apache\spark\sql\Row.scala:188: warning: Could not find any member to link for "ClassCastException".
  /**
  ^
C:\java\BigDatalogLatest\sql\catalyst\src\main\scala\org\apache\spark\sql\Row.scala:196: warning: Could not find any member to link for "NullPointerException".
  /**
  ^
C:\java\BigDatalogLatest\sql\catalyst\src\main\scala\org\apache\spark\sql\Row.scala:196: warning: Could not find any member to link for "ClassCastException".
  /**
  ^
C:\java\BigDatalogLatest\sql\catalyst\src\main\scala\org\apache\spark\sql\Row.scala:259: warning: Could not find any member to link for "ClassCastException".
  /**
  ^
C:\java\BigDatalogLatest\sql\catalyst\src\main\scala\org\apache\spark\sql\Row.scala:252: warning: Could not find any member to link for "ClassCastException".
  /**
  ^
C:\java\BigDatalogLatest\sql\catalyst\src\main\scala\org\apache\spark\sql\Row.scala:237: warning: Could not find any member to link for "NullPointerException".
  /**
  ^
C:\java\BigDatalogLatest\sql\catalyst\src\main\scala\org\apache\spark\sql\Row.scala:237: warning: Could not find any member to link for "ClassCastException".
  /**
  ^
C:\java\BigDatalogLatest\sql\catalyst\src\main\scala\org\apache\spark\sql\Row.scala:228: warning: Could not find any member to link for "NullPointerException".
  /**
  ^
C:\java\BigDatalogLatest\sql\catalyst\src\main\scala\org\apache\spark\sql\Row.scala:228: warning: Could not find any member to link for "ClassCastException".
  /**
  ^
C:\java\BigDatalogLatest\sql\catalyst\src\main\scala\org\apache\spark\sql\Row.scala:212: warning: Could not find any member to link for "NullPointerException".
  /**
  ^
C:\java\BigDatalogLatest\sql\catalyst\src\main\scala\org\apache\spark\sql\Row.scala:212: warning: Could not find any member to link for "ClassCastException".
  /**
  ^
C:\java\BigDatalogLatest\sql\catalyst\src\main\scala\org\apache\spark\sql\Row.scala:295: warning: Could not find any member to link for "ClassCastException".
  /**
  ^
C:\java\BigDatalogLatest\sql\catalyst\src\main\scala\org\apache\spark\sql\Row.scala:280: warning: Could not find any member to link for "ClassCastException".
  /**
  ^
C:\java\BigDatalogLatest\sql\catalyst\src\main\scala\org\apache\spark\sql\Row.scala:220: warning: Could not find any member to link for "NullPointerException".
  /**
  ^
C:\java\BigDatalogLatest\sql\catalyst\src\main\scala\org\apache\spark\sql\Row.scala:220: warning: Could not find any member to link for "ClassCastException".
  /**
  ^
C:\java\BigDatalogLatest\sql\catalyst\src\main\scala\org\apache\spark\sql\Row.scala:288: warning: Could not find any member to link for "ClassCastException".
  /**
  ^
C:\java\BigDatalogLatest\sql\catalyst\src\main\scala\org\apache\spark\sql\Row.scala:273: warning: Could not find any member to link for "ClassCastException".
  /**
  ^
C:\java\BigDatalogLatest\sql\catalyst\src\main\scala\org\apache\spark\sql\Row.scala:204: warning: Could not find any member to link for "NullPointerException".
  /**
  ^
C:\java\BigDatalogLatest\sql\catalyst\src\main\scala\org\apache\spark\sql\Row.scala:204: warning: Could not find any member to link for "ClassCastException".
  /**
  ^
C:\java\BigDatalogLatest\sql\catalyst\src\main\scala\org\apache\spark\sql\Row.scala:245: warning: Could not find any member to link for "ClassCastException".
  /**
  ^
C:\java\BigDatalogLatest\sql\catalyst\src\main\scala\org\apache\spark\sql\Row.scala:303: warning: Could not find any member to link for "ClassCastException".
  /**
  ^
C:\java\BigDatalogLatest\sql\catalyst\src\main\scala\org\apache\spark\sql\Row.scala:266: warning: Could not find any member to link for "ClassCastException".
  /**
  ^
C:\java\BigDatalogLatest\sql\catalyst\src\main\scala\org\apache\spark\sql\Row.scala:348: warning: Could not find any member to link for "UnsupportedOperationException".
  /**
  ^
C:\java\BigDatalogLatest\sql\catalyst\src\main\scala\org\apache\spark\sql\Row.scala:348: warning: Could not find any member to link for "IllegalArgumentException".
  /**
  ^
C:\java\BigDatalogLatest\sql\catalyst\src\main\scala\org\apache\spark\sql\Row.scala:348: warning: Could not find any member to link for "ClassCastException".
  /**
  ^
C:\java\BigDatalogLatest\sql\catalyst\src\main\scala\org\apache\spark\sql\catalyst\expressions\SpecificMutableRow.scala:33: warning: Variable tpe undefined in comment for class MutableValue in class MutableValue
 * final class Mutable$tpe extends MutableValue {
                       ^
C:\java\BigDatalogLatest\sql\catalyst\src\main\scala\org\apache\spark\sql\catalyst\expressions\SpecificMutableRow.scala:34: warning: Variable tpe undefined in comment for class MutableValue in class MutableValue
 *   var value: $tpe = 0
                 ^
C:\java\BigDatalogLatest\sql\catalyst\src\main\scala\org\apache\spark\sql\catalyst\expressions\SpecificMutableRow.scala:38: warning: Variable tpe undefined in comment for class MutableValue in class MutableValue
 *     v.asInstanceOf[$tpe]
                       ^
C:\java\BigDatalogLatest\sql\catalyst\src\main\scala\org\apache\spark\sql\catalyst\expressions\SpecificMutableRow.scala:41: warning: Variable tpe undefined in comment for class MutableValue in class MutableValue
 *     val newCopy = new Mutable$tpe
                                 ^
C:\java\BigDatalogLatest\sql\catalyst\src\main\scala\org\apache\spark\sql\catalyst\expressions\SpecificMutableRow.scala:51: warning: Variable tpe undefined in comment for class MutableValue in class MutableValue
 *   override def set$tpe(ordinal: Int, value: $tpe): Unit = {
                      ^
C:\java\BigDatalogLatest\sql\catalyst\src\main\scala\org\apache\spark\sql\catalyst\expressions\SpecificMutableRow.scala:51: warning: Variable tpe undefined in comment for class MutableValue in class MutableValue
 *   override def set$tpe(ordinal: Int, value: $tpe): Unit = {
                                                ^
C:\java\BigDatalogLatest\sql\catalyst\src\main\scala\org\apache\spark\sql\catalyst\expressions\SpecificMutableRow.scala:52: warning: Variable tpe undefined in comment for class MutableValue in class MutableValue
 *     val currentValue = values(ordinal).asInstanceOf[Mutable$tpe]
                                                               ^
C:\java\BigDatalogLatest\sql\catalyst\src\main\scala\org\apache\spark\sql\catalyst\expressions\SpecificMutableRow.scala:57: warning: Variable tpe undefined in comment for class MutableValue in class MutableValue
 *   override def get$tpe(i: Int): $tpe = {
                      ^
C:\java\BigDatalogLatest\sql\catalyst\src\main\scala\org\apache\spark\sql\catalyst\expressions\SpecificMutableRow.scala:57: warning: Variable tpe undefined in comment for class MutableValue in class MutableValue
 *   override def get$tpe(i: Int): $tpe = {
                                    ^
C:\java\BigDatalogLatest\sql\catalyst\src\main\scala\org\apache\spark\sql\catalyst\expressions\SpecificMutableRow.scala:58: warning: Variable tpe undefined in comment for class MutableValue in class MutableValue
 *     values(i).asInstanceOf[Mutable$tpe].value
                                      ^
C:\java\BigDatalogLatest\sql\catalyst\src\main\scala\org\apache\spark\sql\catalyst\expressions\ScalaUDF.scala:52: warning: Variable x undefined in comment for method userDefinedFunc in class ScalaUDF
      val childs = (0 to x - 1).map(x => s"val child$x = children($x)").reduce(_ + "\n  " + _)
                                                     ^
C:\java\BigDatalogLatest\sql\catalyst\src\main\scala\org\apache\spark\sql\catalyst\expressions\ScalaUDF.scala:52: warning: Variable x undefined in comment for method userDefinedFunc in class ScalaUDF
      val childs = (0 to x - 1).map(x => s"val child$x = children($x)").reduce(_ + "\n  " + _)
                                                                   ^
C:\java\BigDatalogLatest\sql\catalyst\src\main\scala\org\apache\spark\sql\catalyst\expressions\ScalaUDF.scala:53: warning: Variable x undefined in comment for method userDefinedFunc in class ScalaUDF
      val converters = (0 to x - 1).map(x => s"lazy val converter$x = CatalystTypeConverters.createToScalaConverter(child$x.dataType)").reduce(_ + "\n  " + _)
                                                                  ^
C:\java\BigDatalogLatest\sql\catalyst\src\main\scala\org\apache\spark\sql\catalyst\expressions\ScalaUDF.scala:53: warning: Variable x undefined in comment for method userDefinedFunc in class ScalaUDF
      val converters = (0 to x - 1).map(x => s"lazy val converter$x = CatalystTypeConverters.createToScalaConverter(child$x.dataType)").reduce(_ + "\n  " + _)
                                                                                                                          ^
C:\java\BigDatalogLatest\sql\catalyst\src\main\scala\org\apache\spark\sql\catalyst\expressions\ScalaUDF.scala:54: warning: Variable x undefined in comment for method userDefinedFunc in class ScalaUDF
      val evals = (0 to x - 1).map(x => s"converter$x(child$x.eval(input))").reduce(_ + ",\n      " + _)
                                                    ^
C:\java\BigDatalogLatest\sql\catalyst\src\main\scala\org\apache\spark\sql\catalyst\expressions\ScalaUDF.scala:54: warning: Variable x undefined in comment for method userDefinedFunc in class ScalaUDF
      val evals = (0 to x - 1).map(x => s"converter$x(child$x.eval(input))").reduce(_ + ",\n      " + _)
                                                            ^
C:\java\BigDatalogLatest\sql\catalyst\src\main\scala\org\apache\spark\sql\catalyst\expressions\ScalaUDF.scala:56: warning: Variable x undefined in comment for method userDefinedFunc in class ScalaUDF
      s"""case $x =>
                ^
C:\java\BigDatalogLatest\sql\catalyst\src\main\scala\org\apache\spark\sql\catalyst\expressions\ScalaUDF.scala:57: warning: Variable anys undefined in comment for method userDefinedFunc in class ScalaUDF
      val func = function.asInstanceOf[($anys) => Any]
                                         ^
C:\java\BigDatalogLatest\sql\catalyst\src\main\scala\org\apache\spark\sql\catalyst\expressions\ScalaUDF.scala:58: warning: Variable childs undefined in comment for method userDefinedFunc in class ScalaUDF
      $childs
       ^
C:\java\BigDatalogLatest\sql\catalyst\src\main\scala\org\apache\spark\sql\catalyst\expressions\ScalaUDF.scala:59: warning: Variable converters undefined in comment for method userDefinedFunc in class ScalaUDF
      $converters
       ^
C:\java\BigDatalogLatest\sql\catalyst\src\main\scala\org\apache\spark\sql\catalyst\expressions\ScalaUDF.scala:62: warning: Variable evals undefined in comment for method userDefinedFunc in class ScalaUDF
          $evals)
           ^
C:\java\BigDatalogLatest\sql\catalyst\src\main\scala\org\apache\spark\sql\types\StructType.scala:206: warning: Could not find any member to link for "IllegalArgumentException".
  /**
  ^
C:\java\BigDatalogLatest\sql\catalyst\src\main\scala\org\apache\spark\sql\Row.scala:66: warning: Could not find any member to link for "RowFactory.create()".
/**
^
C:\java\BigDatalogLatest\sql\catalyst\src\main\scala\org\apache\spark\sql\Row.scala:66: warning: Could not find any member to link for "Row.apply()".
/**
^
C:\java\BigDatalogLatest\sql\catalyst\src\main\scala\org\apache\spark\sql\Row.scala:327: warning: Could not find any member to link for "UnsupportedOperationException".
  /**
  ^
C:\java\BigDatalogLatest\sql\catalyst\src\main\scala\org\apache\spark\sql\Row.scala:327: warning: Could not find any member to link for "IllegalArgumentException".
  /**
  ^
C:\java\BigDatalogLatest\sql\catalyst\src\main\scala\org\apache\spark\sql\Row.scala:327: warning: Could not find any member to link for "ClassCastException".
  /**
  ^
C:\java\BigDatalogLatest\sql\catalyst\src\main\scala\org\apache\spark\sql\Row.scala:295: warning: Could not find any member to link for "java.util.Map".
  /**
  ^
C:\java\BigDatalogLatest\sql\catalyst\src\main\scala\org\apache\spark\sql\Row.scala:280: warning: Could not find any member to link for "java.util.List".
  /**
  ^
C:\java\BigDatalogLatest\sql\catalyst\src\main\scala\org\apache\spark\sql\Row.scala:46: warning: Could not find any member to link for "Seq".
  /**
  ^
C:\java\BigDatalogLatest\sql\catalyst\src\main\scala\org\apache\spark\sql\types\ArrayType.scala:41: warning: Could not find any member to link for "DataTypes.createArrayType()".
/**
^
C:\java\BigDatalogLatest\sql\catalyst\src\main\scala\org\apache\spark\sql\types\BinaryType.scala:28: warning: Could not find any member to link for "DataTypes.BinaryType".
/**
^
C:\java\BigDatalogLatest\sql\catalyst\src\main\scala\org\apache\spark\sql\types\BooleanType.scala:27: warning: Could not find any member to link for "DataTypes.BooleanType".
/**
^
C:\java\BigDatalogLatest\sql\catalyst\src\main\scala\org\apache\spark\sql\types\ByteType.scala:27: warning: Could not find any member to link for "DataTypes.ByteType".
/**
^
C:\java\BigDatalogLatest\sql\catalyst\src\main\scala\org\apache\spark\sql\types\CalendarIntervalType.scala:23: warning: Could not find any member to link for "DataTypes.CalendarIntervalType".
/**
^
C:\java\BigDatalogLatest\sql\catalyst\src\main\scala\org\apache\spark\sql\types\DateType.scala:27: warning: Could not find any member to link for "DataTypes.DateType".
/**
^
C:\java\BigDatalogLatest\sql\catalyst\src\main\scala\org\apache\spark\sql\types\DecimalType.scala:42: warning: Could not find any member to link for "DataTypes.createDecimalType()".
/**
^
C:\java\BigDatalogLatest\sql\catalyst\src\main\scala\org\apache\spark\sql\types\DoubleType.scala:28: warning: Could not find any member to link for "DataTypes.DoubleType".
/**
^
C:\java\BigDatalogLatest\sql\catalyst\src\main\scala\org\apache\spark\sql\types\FloatType.scala:28: warning: Could not find any member to link for "DataTypes.FloatType".
/**
^
C:\java\BigDatalogLatest\sql\catalyst\src\main\scala\org\apache\spark\sql\types\IntegerType.scala:27: warning: Could not find any member to link for "DataTypes.IntegerType".
/**
^
C:\java\BigDatalogLatest\sql\catalyst\src\main\scala\org\apache\spark\sql\types\LongType.scala:26: warning: Could not find any member to link for "DataTypes.LongType".
/**
^
C:\java\BigDatalogLatest\sql\catalyst\src\main\scala\org\apache\spark\sql\types\MapType.scala:24: warning: Could not find any member to link for "DataTypes.createMapType()".
/**
^
C:\java\BigDatalogLatest\sql\catalyst\src\main\scala\org\apache\spark\sql\types\Metadata.scala:28: warning: Could not find any member to link for "Metadata.fromJson()".
/**
^
C:\java\BigDatalogLatest\sql\catalyst\src\main\scala\org\apache\spark\sql\types\NullType.scala:23: warning: Could not find any member to link for "DataTypes.NullType".
/**
^
C:\java\BigDatalogLatest\sql\catalyst\src\main\scala\org\apache\spark\sql\types\ShortType.scala:26: warning: Could not find any member to link for "DataTypes.ShortType".
/**
^
C:\java\BigDatalogLatest\sql\catalyst\src\main\scala\org\apache\spark\sql\types\StringType.scala:27: warning: Could not find any member to link for "DataTypes.StringType".
/**
^
C:\java\BigDatalogLatest\sql\catalyst\src\main\scala\org\apache\spark\sql\types\TimestampType.scala:27: warning: Could not find any member to link for "DataTypes.TimestampType".
/**
^
C:\java\BigDatalogLatest\sql\catalyst\src\main\scala\org\apache\spark\sql\types\StructType.scala:216: warning: Could not find any member to link for "IllegalArgumentException".
  /**
  ^
C:\java\BigDatalogLatest\sql\catalyst\src\main\scala\org\apache\spark\sql\catalyst\util\DateTimeUtils.scala:361: warning: Could not find any member to link for "Int".
  /**
  ^
C:\java\BigDatalogLatest\sql\catalyst\src\main\scala\org\apache\spark\sql\catalyst\util\DateTimeUtils.scala:361: warning: Could not find any member to link for "Option".
  /**
  ^
C:\java\BigDatalogLatest\sql\catalyst\src\main\scala\org\apache\spark\sql\catalyst\util\DateTimeUtils.scala:198: warning: Could not find any member to link for "Long".
  /**
  ^
C:\java\BigDatalogLatest\sql\catalyst\src\main\scala\org\apache\spark\sql\catalyst\util\DateTimeUtils.scala:198: warning: Could not find any member to link for "Option".
  /**
  ^
C:\java\BigDatalogLatest\sql\catalyst\src\main\scala\org\apache\spark\sql\catalyst\ScalaReflection.scala:386: warning: Could not find any member to link for "UnsupportedOperationException".
  /**
  ^
C:\java\BigDatalogLatest\sql\catalyst\src\main\scala\org\apache\spark\sql\catalyst\ScalaReflection.scala:386: warning: Could not find any member to link for "Option".
  /**
  ^
C:\java\BigDatalogLatest\sql\catalyst\src\main\scala\org\apache\spark\sql\catalyst\ScalaReflection.scala:386: warning: Could not find any member to link for "Array".
  /**
  ^
C:\java\BigDatalogLatest\sql\catalyst\src\main\scala\org\apache\spark\sql\catalyst\ScalaReflection.scala:386: warning: Could not find any member to link for "Seq".
  /**
  ^
C:\java\BigDatalogLatest\sql\catalyst\src\main\scala\org\apache\spark\sql\catalyst\ScalaReflection.scala:386: warning: Could not find any member to link for "Product".
  /**
  ^
C:\java\BigDatalogLatest\sql\catalyst\src\main\scala\org\apache\spark\sql\catalyst\plans\physical\partitioning.scala:46: warning: Could not find any member to link for "Expression".
/**
^
C:\java\BigDatalogLatest\sql\catalyst\src\main\scala\org\apache\spark\sql\catalyst\plans\physical\partitioning.scala:60: warning: Could not find any member to link for "Expression".
/**
^
C:\java\BigDatalogLatest\sql\catalyst\src\main\scala\org\apache\spark\sql\catalyst\expressions\Expression.scala:132: warning: Could not find any member to link for "DataType".
  /**
  ^
C:\java\BigDatalogLatest\sql\catalyst\src\main\scala\org\apache\spark\sql\catalyst\expressions\Expression.scala:87: warning: Could not find any member to link for "GeneratedExpressionCode".
  /**
  ^
C:\java\BigDatalogLatest\sql\catalyst\src\main\scala\org\apache\spark\sql\catalyst\expressions\Expression.scala:87: warning: Could not find any member to link for "CodeGenContext".
  /**
  ^
C:\java\BigDatalogLatest\sql\catalyst\src\main\scala\org\apache\spark\sql\catalyst\expressions\Expression.scala:112: warning: Could not find any member to link for "CodeGenContext".
  /**
  ^
C:\java\BigDatalogLatest\sql\catalyst\src\main\scala\org\apache\spark\sql\catalyst\expressions\Expression.scala:112: warning: Could not find any member to link for "GeneratedExpressionCode".
  /**
  ^
C:\java\BigDatalogLatest\sql\catalyst\src\main\scala\org\apache\spark\sql\catalyst\plans\logical\basicOperators.scala:43: warning: Could not find any member to link for "Generator".
/**
^
C:\java\BigDatalogLatest\sql\catalyst\src\main\scala\org\apache\spark\sql\catalyst\plans\logical\partitioning.scala:33: warning: Could not find any member to link for "Expression".
/**
^
C:\java\BigDatalogLatest\sql\catalyst\src\main\scala\org\apache\spark\sql\catalyst\plans\logical\LogicalPlan.scala:173: warning: Could not find any member to link for "NamedExpression".
  /**
  ^
C:\java\BigDatalogLatest\sql\catalyst\src\main\scala\org\apache\spark\sql\catalyst\plans\logical\LogicalPlan.scala:163: warning: Could not find any member to link for "NamedExpression".
  /**
  ^
C:\java\BigDatalogLatest\sql\catalyst\src\main\scala\org\apache\spark\sql\catalyst\planning\QueryPlanner.scala:33: warning: Could not find any member to link for "Strategy".
/**
^
C:\java\BigDatalogLatest\sql\catalyst\src\main\scala\org\apache\spark\sql\catalyst\optimizer\Optimizer.scala:599: warning: Could not find any member to link for "Filter".
/**
^
C:\java\BigDatalogLatest\sql\catalyst\src\main\scala\org\apache\spark\sql\catalyst\optimizer\Optimizer.scala:852: warning: Could not find any member to link for "Limit".
/**
^
C:\java\BigDatalogLatest\sql\catalyst\src\main\scala\org\apache\spark\sql\catalyst\optimizer\Optimizer.scala:447: warning: Could not find any member to link for "Expression".
/**
^
C:\java\BigDatalogLatest\sql\catalyst\src\main\scala\org\apache\spark\sql\catalyst\optimizer\Optimizer.scala:447: warning: Could not find any member to link for "Literal".
/**
^
C:\java\BigDatalogLatest\sql\catalyst\src\main\scala\org\apache\spark\sql\catalyst\optimizer\Optimizer.scala:371: warning: Could not find any member to link for "Expression".
/**
^
C:\java\BigDatalogLatest\sql\catalyst\src\main\scala\org\apache\spark\sql\catalyst\optimizer\Optimizer.scala:371: warning: Could not find any member to link for "Literal".
/**
^
C:\java\BigDatalogLatest\sql\catalyst\src\main\scala\org\apache\spark\sql\catalyst\optimizer\Optimizer.scala:465: warning: Could not find any member to link for "In".
/**
^
C:\java\BigDatalogLatest\sql\catalyst\src\main\scala\org\apache\spark\sql\catalyst\optimizer\Optimizer.scala:465: warning: Could not find any member to link for "InSet".
/**
^
C:\java\BigDatalogLatest\sql\catalyst\src\main\scala\org\apache\spark\sql\catalyst\optimizer\Optimizer.scala:302: warning: Could not find any member to link for "Project".
/**
^
C:\java\BigDatalogLatest\sql\catalyst\src\main\scala\org\apache\spark\sql\catalyst\optimizer\Optimizer.scala:698: warning: Could not find any member to link for "Filter".
/**
^
C:\java\BigDatalogLatest\sql\catalyst\src\main\scala\org\apache\spark\sql\catalyst\optimizer\Optimizer.scala:698: warning: Could not find any member to link for "Aggregate".
/**
^
C:\java\BigDatalogLatest\sql\catalyst\src\main\scala\org\apache\spark\sql\catalyst\optimizer\Optimizer.scala:674: warning: Could not find any member to link for "Filter".
/**
^
C:\java\BigDatalogLatest\sql\catalyst\src\main\scala\org\apache\spark\sql\catalyst\optimizer\Optimizer.scala:674: warning: Could not find any member to link for "Generate".
/**
^
C:\java\BigDatalogLatest\sql\catalyst\src\main\scala\org\apache\spark\sql\catalyst\optimizer\Optimizer.scala:733: warning: Could not find any member to link for "Filter".
/**
^
C:\java\BigDatalogLatest\sql\catalyst\src\main\scala\org\apache\spark\sql\catalyst\optimizer\Optimizer.scala:733: warning: Could not find any member to link for "Join".
/**
^
C:\java\BigDatalogLatest\sql\catalyst\src\main\scala\org\apache\spark\sql\catalyst\optimizer\Optimizer.scala:625: warning: Could not find any member to link for "Filter".
/**
^
C:\java\BigDatalogLatest\sql\catalyst\src\main\scala\org\apache\spark\sql\catalyst\optimizer\Optimizer.scala:625: warning: Could not find any member to link for "Project".
/**
^
C:\java\BigDatalogLatest\sql\catalyst\src\main\scala\org\apache\spark\sql\catalyst\optimizer\Optimizer.scala:625: warning: Could not find any member to link for "Alias".
/**
^
C:\java\BigDatalogLatest\sql\catalyst\src\main\scala\org\apache\spark\sql\catalyst\optimizer\Optimizer.scala:930: warning: Could not find any member to link for "Aggregate".
/**
^
C:\java\BigDatalogLatest\sql\catalyst\src\main\scala\org\apache\spark\sql\catalyst\optimizer\Optimizer.scala:918: warning: Could not find any member to link for "Distinct".
/**
^
C:\java\BigDatalogLatest\sql\catalyst\src\main\scala\org\apache\spark\sql\catalyst\optimizer\Optimizer.scala:918: warning: Could not find any member to link for "Aggregate".
/**
^
C:\java\BigDatalogLatest\sql\catalyst\src\main\scala\org\apache\spark\sql\catalyst\optimizer\Optimizer.scala:833: warning: Could not find any member to link for "Cast".
/**
^
C:\java\BigDatalogLatest\sql\catalyst\src\main\scala\org\apache\spark\sql\catalyst\InternalRow.scala:69: warning: Could not find any member to link for "Seq".
  /**
  ^
C:\java\BigDatalogLatest\sql\catalyst\src\main\scala\org\apache\spark\sql\catalyst\encoders\ExpressionEncoder.scala:35: warning: Could not find any member to link for "UnresolvedAttribute".
/**
^
C:\java\BigDatalogLatest\sql\catalyst\src\main\scala\org\apache\spark\sql\catalyst\encoders\ExpressionEncoder.scala:35: warning: Could not find any member to link for "UnresolvedExtractValue".
/**
^
C:\java\BigDatalogLatest\sql\catalyst\src\main\scala\org\apache\spark\sql\catalyst\encoders\ExpressionEncoder.scala:35: warning: Could not find any member to link for "BoundReference".
/**
^
C:\java\BigDatalogLatest\sql\catalyst\src\main\scala\org\apache\spark\sql\catalyst\analysis\Analyzer.scala:1107: warning: Could not find any member to link for "Subquery".
/**
^
C:\java\BigDatalogLatest\sql\catalyst\src\main\scala\org\apache\spark\sql\catalyst\analysis\HiveTypeCoercion.scala:29: warning: Could not find any member to link for "Rule".
/**
^
C:\java\BigDatalogLatest\sql\catalyst\src\main\scala\org\apache\spark\sql\catalyst\expressions\Expression.scala:53: warning: Could not find any member to link for "Coalesce".
  /**
  ^
C:\java\BigDatalogLatest\sql\catalyst\src\main\scala\org\apache\spark\sql\catalyst\expressions\Expression.scala:53: warning: Could not find any member to link for "BinaryExpression".
  /**
  ^
C:\java\BigDatalogLatest\sql\catalyst\src\main\scala\org\apache\spark\sql\catalyst\expressions\Expression.scala:53: warning: Could not find any member to link for "Not".
  /**
  ^
C:\java\BigDatalogLatest\sql\catalyst\src\main\scala\org\apache\spark\sql\catalyst\expressions\Expression.scala:53: warning: Could not find any member to link for "IsNull".
  /**
  ^
C:\java\BigDatalogLatest\sql\catalyst\src\main\scala\org\apache\spark\sql\catalyst\expressions\Expression.scala:53: warning: Could not find any member to link for "IsNotNull".
  /**
  ^
C:\java\BigDatalogLatest\sql\catalyst\src\main\scala\org\apache\spark\sql\catalyst\expressions\Expression.scala:53: warning: Could not find any member to link for "Literal".
  /**
  ^
C:\java\BigDatalogLatest\sql\catalyst\src\main\scala\org\apache\spark\sql\catalyst\expressions\Expression.scala:53: warning: Could not find any member to link for "Cast".
  /**
  ^
C:\java\BigDatalogLatest\sql\catalyst\src\main\scala\org\apache\spark\sql\catalyst\expressions\Expression.scala:53: warning: Could not find any member to link for "UnaryMinus".
  /**
  ^
C:\java\BigDatalogLatest\sql\catalyst\src\main\scala\org\apache\spark\sql\catalyst\analysis\HiveTypeCoercion.scala:714: warning: Could not find any member to link for "Expression".
  /**
  ^
C:\java\BigDatalogLatest\sql\catalyst\src\main\scala\org\apache\spark\sql\catalyst\analysis\HiveTypeCoercion.scala:143: warning: Could not find any member to link for "AttributeReference".
  /**
  ^
C:\java\BigDatalogLatest\sql\catalyst\src\main\scala\org\apache\spark\sql\catalyst\analysis\Analyzer.scala:796: warning: Could not find any member to link for "WindowExpression".
  /**
  ^
C:\java\BigDatalogLatest\sql\catalyst\src\main\scala\org\apache\spark\sql\catalyst\analysis\Analyzer.scala:796: warning: Could not find any member to link for "Project".
  /**
  ^
C:\java\BigDatalogLatest\sql\catalyst\src\main\scala\org\apache\spark\sql\catalyst\analysis\Analyzer.scala:796: warning: Could not find any member to link for "Aggregate".
  /**
  ^
C:\java\BigDatalogLatest\sql\catalyst\src\main\scala\org\apache\spark\sql\catalyst\analysis\Analyzer.scala:796: warning: Could not find any member to link for "Window".
  /**
  ^
C:\java\BigDatalogLatest\sql\catalyst\src\main\scala\org\apache\spark\sql\catalyst\analysis\Analyzer.scala:796: warning: Could not find any member to link for "WindowSpecDefinition".
  /**
  ^
C:\java\BigDatalogLatest\sql\catalyst\src\main\scala\org\apache\spark\sql\catalyst\analysis\Analyzer.scala:796: warning: Could not find any member to link for "Filter".
  /**
  ^
C:\java\BigDatalogLatest\sql\catalyst\src\main\scala\org\apache\spark\sql\catalyst\analysis\Analyzer.scala:796: warning: Could not find any member to link for "Expression".
  /**
  ^
C:\java\BigDatalogLatest\sql\catalyst\src\main\scala\org\apache\spark\sql\catalyst\analysis\Analyzer.scala:1078: warning: Could not find any member to link for "If".
  /**
  ^
C:\java\BigDatalogLatest\sql\catalyst\src\main\scala\org\apache\spark\sql\catalyst\analysis\Analyzer.scala:563: warning: Could not find any member to link for "Expression".
  /**
  ^
C:\java\BigDatalogLatest\sql\catalyst\src\main\scala\org\apache\spark\sql\catalyst\analysis\Analyzer.scala:705: warning: Could not find any member to link for "Project".
  /**
  ^
C:\java\BigDatalogLatest\sql\catalyst\src\main\scala\org\apache\spark\sql\catalyst\analysis\Analyzer.scala:705: warning: Could not find any member to link for "Generate".
  /**
  ^
C:\java\BigDatalogLatest\sql\catalyst\src\main\scala\org\apache\spark\sql\catalyst\analysis\Analyzer.scala:705: warning: Could not find any member to link for "Attribute".
  /**
  ^
C:\java\BigDatalogLatest\sql\catalyst\src\main\scala\org\apache\spark\sql\catalyst\analysis\Analyzer.scala:705: warning: Could not find any member to link for "Alias".
  /**
  ^
C:\java\BigDatalogLatest\sql\catalyst\src\main\scala\org\apache\spark\sql\catalyst\analysis\Analyzer.scala:705: warning: Could not find any member to link for "Generator".
  /**
  ^
C:\java\BigDatalogLatest\sql\catalyst\src\main\scala\org\apache\spark\sql\catalyst\analysis\Analyzer.scala:323: warning: Could not find any member to link for "AttributeReference".
  /**
  ^
C:\java\BigDatalogLatest\sql\catalyst\src\main\scala\org\apache\spark\sql\catalyst\expressions\namedExpressions.scala:169: warning: Could not find any member to link for "DataType".
/**
^
C:\java\BigDatalogLatest\sql\catalyst\src\main\scala\org\apache\spark\sql\catalyst\expressions\misc.scala:136: warning: Could not find any member to link for "BinaryType".
/**
^
C:\java\BigDatalogLatest\sql\catalyst\src\main\scala\org\apache\spark\sql\catalyst\expressions\Expression.scala:30: warning: Could not find any member to link for "CodegenFallback".
/**
^
C:\java\BigDatalogLatest\sql\catalyst\src\main\scala\org\apache\spark\sql\catalyst\expressions\ExpectsInputTypes.scala:60: warning: Could not find any member to link for "ImplicitTypeCasts".
/**
^
C:\java\BigDatalogLatest\sql\catalyst\src\main\scala\org\apache\spark\sql\catalyst\expressions\InputFileName.scala:26: warning: Could not find any member to link for "SqlNewHadoopRDD".
/**
^
C:\java\BigDatalogLatest\sql\catalyst\src\main\scala\org\apache\spark\sql\catalyst\expressions\misc.scala:29: warning: Could not find any member to link for "BinaryType".
/**
^
C:\java\BigDatalogLatest\sql\catalyst\src\main\scala\org\apache\spark\sql\catalyst\expressions\package.scala:67: warning: Could not find any member to link for "Iterator".
  /**
  ^
C:\java\BigDatalogLatest\sql\catalyst\src\main\scala\org\apache\spark\sql\catalyst\expressions\datetimeExpressions.scala:548: warning: Could not find any member to link for "DateTimeUtils.getDayOfWeekFromString".
/**
^
C:\java\BigDatalogLatest\sql\catalyst\src\main\scala\org\apache\spark\sql\catalyst\expressions\mathExpressions.scala:654: warning: Could not find any member to link for "NumericType".
/**
^
C:\java\BigDatalogLatest\sql\catalyst\src\main\scala\org\apache\spark\sql\catalyst\expressions\ScalaUDF.scala:25: warning: Could not find any member to link for "Option".
/**
^
C:\java\BigDatalogLatest\sql\catalyst\src\main\scala\org\apache\spark\sql\catalyst\expressions\misc.scala:116: warning: Could not find any member to link for "BinaryType".
/**
^
C:\java\BigDatalogLatest\sql\catalyst\src\main\scala\org\apache\spark\sql\catalyst\expressions\misc.scala:116: warning: Could not find any member to link for "StringType".
/**
^
C:\java\BigDatalogLatest\sql\catalyst\src\main\scala\org\apache\spark\sql\catalyst\expressions\namedExpressions.scala:132: warning: Could not find any member to link for "CodeGenContext".
  /** Just a simple passthrough for code generation. */
  ^
C:\java\BigDatalogLatest\sql\catalyst\src\main\scala\org\apache\spark\sql\catalyst\expressions\namedExpressions.scala:132: warning: Could not find any member to link for "GeneratedExpressionCode".
  /** Just a simple passthrough for code generation. */
  ^
C:\java\BigDatalogLatest\sql\catalyst\src\main\scala\org\apache\spark\sql\catalyst\expressions\literals.scala:53: warning: Could not find any member to link for "ObjectType".
  /**
  ^
C:\java\BigDatalogLatest\sql\catalyst\src\main\scala\org\apache\spark\sql\catalyst\expressions\arithmetic.scala:102: warning: Could not find any member to link for "Decimal".
  /** Name of the function for this expression on a [[Decimal]] type. */
  ^
C:\java\BigDatalogLatest\sql\catalyst\src\main\scala\org\apache\spark\sql\catalyst\expressions\arithmetic.scala:285: warning: Could not find any member to link for "CodeGenContext".
  /**
  ^
C:\java\BigDatalogLatest\sql\catalyst\src\main\scala\org\apache\spark\sql\catalyst\expressions\arithmetic.scala:285: warning: Could not find any member to link for "GeneratedExpressionCode".
  /**
  ^
C:\java\BigDatalogLatest\sql\catalyst\src\main\scala\org\apache\spark\sql\catalyst\expressions\arithmetic.scala:219: warning: Could not find any member to link for "CodeGenContext".
  /**
  ^
C:\java\BigDatalogLatest\sql\catalyst\src\main\scala\org\apache\spark\sql\catalyst\expressions\arithmetic.scala:219: warning: Could not find any member to link for "GeneratedExpressionCode".
  /**
  ^
C:\java\BigDatalogLatest\sql\catalyst\src\main\scala\org\apache\spark\sql\catalyst\expressions\codegen\GenerateOrdering.scala:34: warning: Could not find any member to link for "Ordering".
/**
^
174 warnings found
C:\java\BigDatalogLatest\sql\core\src\main\scala\org\apache\spark\sql\jdbc\JdbcDialects.scala:57: warning: Could not find any member to link for "NullPointerException".
  /**
  ^
C:\java\BigDatalogLatest\sql\core\src\main\scala\org\apache\spark\sql\DataFrameStatFunctions.scala:104: warning: Variable col1 undefined in comment for method crosstab in class DataFrameStatFunctions
   * be the distinct values of `col2`. The name of the first column will be `$col1_$col2`. Counts
                                                                              ^
C:\java\BigDatalogLatest\sql\core\src\main\scala\org\apache\spark\sql\DataFrameStatFunctions.scala:104: warning: Variable col2 undefined in comment for method crosstab in class DataFrameStatFunctions
   * be the distinct values of `col2`. The name of the first column will be `$col1_$col2`. Counts
                                                                                    ^
C:\java\BigDatalogLatest\sql\core\src\main\scala\org\apache\spark\sql\functions.scala:1013: warning: Variable index + 1 undefined in comment for method struct in object functions
   * otherwise, the newly generated StructField's name would be auto generated as col${index + 1},
                                                                                      ^
C:\java\BigDatalogLatest\sql\core\src\main\scala\org\apache\spark\sql\Dataset.scala:36: warning: Could not find any member to link for "RDD".
/**
^
C:\java\BigDatalogLatest\sql\core\src\main\scala\org\apache\spark\sql\Dataset.scala:36: warning: Could not find any member to link for "Encoder".
/**
^
C:\java\BigDatalogLatest\sql\core\src\main\scala\org\apache\spark\sql\Dataset.scala:36: warning: Could not find any member to link for "Row".
/**
^
C:\java\BigDatalogLatest\sql\core\src\main\scala\org\apache\spark\sql\GroupedData.scala:31: warning: The link target "DataFrame.groupBy" is ambiguous. Several members fit the target:
(col1: String,cols: String*): org.apache.spark.sql.GroupedData in class DataFrame [chosen]
(cols: org.apache.spark.sql.Column*): org.apache.spark.sql.GroupedData in class DataFrame


Quick crash course on using Scaladoc links
==========================================
Disambiguating terms and types: Prefix terms with '$' and types with '!' in case both names are in use:
 - [[scala.collection.immutable.List!.apply class List's apply method]] and
 - [[scala.collection.immutable.List$.apply object List's apply method]]
Disambiguating overloaded members: If a term is overloaded, you can indicate the first part of its signature followed by *:
 - [[[scala.collection.immutable.List$.fill[A](Int)(?A):List[A]* Fill with a single parameter]]]
 - [[[scala.collection.immutable.List$.fill[A](Int,Int)(?A):List[List[A]]* Fill with a two parameters]]]
Notes:
 - you can use any number of matching square brackets to avoid interference with the signature
 - you can use \\. to escape dots in prefixes (don't forget to use * at the end to match the signature!)
 - you can use \\# to escape hashes, otherwise they will be considered as delimiters, like dots.
/**
^
C:\java\BigDatalogLatest\sql\core\src\main\scala\org\apache\spark\sql\GroupedDataset.scala:30: warning: Could not find any member to link for "GroupedDataset)".
/**
^
C:\java\BigDatalogLatest\sql\core\src\main\scala\org\apache\spark\sql\Column.scala:43: warning: Could not find any member to link for "Encoder".
/**
^
C:\java\BigDatalogLatest\sql\core\src\main\scala\org\apache\spark\sql\SQLContext.scala:440: warning: Could not find any member to link for "BaseRelation".
  /**
  ^
C:\java\BigDatalogLatest\sql\core\src\main\scala\org\apache\spark\sql\SQLContext.scala:554: warning: Could not find any member to link for "java.util.List".
  /**
  ^
C:\java\BigDatalogLatest\sql\core\src\main\scala\org\apache\spark\sql\SQLContext.scala:554: warning: Could not find any member to link for "Row".
  /**
  ^
C:\java\BigDatalogLatest\sql\core\src\main\scala\org\apache\spark\sql\SQLContext.scala:540: warning: Could not find any member to link for "JavaRDD".
  /**
  ^
C:\java\BigDatalogLatest\sql\core\src\main\scala\org\apache\spark\sql\SQLContext.scala:540: warning: Could not find any member to link for "Row".
  /**
  ^
C:\java\BigDatalogLatest\sql\core\src\main\scala\org\apache\spark\sql\SQLContext.scala:450: warning: Could not find any member to link for "RDD".
  /**
  ^
C:\java\BigDatalogLatest\sql\core\src\main\scala\org\apache\spark\sql\SQLContext.scala:450: warning: Could not find any member to link for "Row".
  /**
  ^
C:\java\BigDatalogLatest\sql\core\src\main\scala\org\apache\spark\sql\SQLContext.scala:798: warning: Could not find any member to link for "LongType".
  /**
  ^
C:\java\BigDatalogLatest\sql\core\src\main\scala\org\apache\spark\sql\SQLContext.scala:783: warning: Could not find any member to link for "LongType".
  /**
  ^
C:\java\BigDatalogLatest\sql\core\src\main\scala\org\apache\spark\sql\SQLContext.scala:772: warning: Could not find any member to link for "LongType".
  /**
  ^
C:\java\BigDatalogLatest\sql\core\src\main\scala\org\apache\spark\sql\execution\SparkStrategies.scala:65: warning: Could not find any member to link for "ExtractEquiJoinKeys".
  /**
  ^
C:\java\BigDatalogLatest\sql\core\src\main\scala\org\apache\spark\sql\execution\SparkStrategies.scala:65: warning: Could not find any member to link for "org.apache.spark.sql.SQLConf.AUTO_BROADCASTJOIN_THRESHOLD".
  /**
  ^
C:\java\BigDatalogLatest\sql\core\src\main\scala\org\apache\spark\sql\execution\SparkStrategies.scala:65: warning: Could not find any member to link for "org.apache.spark.sql.functions.broadcast()".
  /**
  ^
C:\java\BigDatalogLatest\sql\core\src\main\scala\org\apache\spark\sql\sources\interfaces.scala:192: warning: Could not find any member to link for "StructType".
/**
^
C:\java\BigDatalogLatest\sql\core\src\main\scala\org\apache\spark\sql\sources\interfaces.scala:315: warning: Could not find any member to link for "org.apache.spark.sql.catalyst.plans.logical.LogicalPlan".
/**
^
C:\java\BigDatalogLatest\sql\core\src\main\scala\org\apache\spark\sql\sources\interfaces.scala:396: warning: Could not find any member to link for "Row".
/**
^
C:\java\BigDatalogLatest\sql\core\src\main\scala\org\apache\spark\sql\sources\interfaces.scala:396: warning: Could not find any member to link for "HadoopFsRelation()".
/**
^
C:\java\BigDatalogLatest\sql\core\src\main\scala\org\apache\spark\sql\sources\interfaces.scala:224: warning: Could not find any member to link for "RDD".
  /**
  ^
C:\java\BigDatalogLatest\sql\core\src\main\scala\org\apache\spark\sql\sources\interfaces.scala:224: warning: Could not find any member to link for "InternalRow".
  /**
  ^
C:\java\BigDatalogLatest\sql\core\src\main\scala\org\apache\spark\sql\jdbc\JdbcDialects.scala:65: warning: Could not find any member to link for "org.apache.spark.sql.types.DataType".
  /**
  ^
C:\java\BigDatalogLatest\sql\core\src\main\scala\org\apache\spark\sql\jdbc\JdbcDialects.scala:77: warning: Could not find any member to link for "org.apache.spark.sql.types.StringType".
  /**
  ^
C:\java\BigDatalogLatest\sql\core\src\main\scala\org\apache\spark\sql\functions.scala:2216: warning: Could not find any member to link for "java.text.SimpleDateFormat".
  /**
  ^
C:\java\BigDatalogLatest\sql\core\src\main\scala\org\apache\spark\sql\functions.scala:433: warning: The link target "stddev_samp" is ambiguous. Several members fit the target:
(columnName: String): org.apache.spark.sql.Column in object functions [chosen]
(e: org.apache.spark.sql.Column): org.apache.spark.sql.Column in object functions


  /**
  ^
C:\java\BigDatalogLatest\sql\core\src\main\scala\org\apache\spark\sql\functions.scala:425: warning: The link target "stddev_samp" is ambiguous. Several members fit the target:
(columnName: String): org.apache.spark.sql.Column in object functions [chosen]
(e: org.apache.spark.sql.Column): org.apache.spark.sql.Column in object functions


  /**
  ^
C:\java\BigDatalogLatest\sql\core\src\main\scala\org\apache\spark\sql\functions.scala:517: warning: The link target "var_samp" is ambiguous. Several members fit the target:
(columnName: String): org.apache.spark.sql.Column in object functions [chosen]
(e: org.apache.spark.sql.Column): org.apache.spark.sql.Column in object functions


  /**
  ^
C:\java\BigDatalogLatest\sql\core\src\main\scala\org\apache\spark\sql\functions.scala:509: warning: The link target "var_samp" is ambiguous. Several members fit the target:
(columnName: String): org.apache.spark.sql.Column in object functions [chosen]
(e: org.apache.spark.sql.Column): org.apache.spark.sql.Column in object functions


  /**
  ^
C:\java\BigDatalogLatest\sql\core\src\main\scala\org\apache\spark\sql\expressions\udaf.scala:134: warning: Could not find any member to link for "Row".
/**
^
C:\java\BigDatalogLatest\sql\core\src\main\scala\org\apache\spark\sql\expressions\udaf.scala:49: warning: Could not find any member to link for "StructType".
  /**
  ^
C:\java\BigDatalogLatest\sql\core\src\main\scala\org\apache\spark\sql\expressions\udaf.scala:49: warning: Could not find any member to link for "DoubleType".
  /**
  ^
C:\java\BigDatalogLatest\sql\core\src\main\scala\org\apache\spark\sql\expressions\udaf.scala:49: warning: Could not find any member to link for "LongType".
  /**
  ^
C:\java\BigDatalogLatest\sql\core\src\main\scala\org\apache\spark\sql\expressions\udaf.scala:66: warning: Could not find any member to link for "DataType".
  /**
  ^
C:\java\BigDatalogLatest\sql\core\src\main\scala\org\apache\spark\sql\expressions\udaf.scala:33: warning: Could not find any member to link for "StructType".
  /**
  ^
C:\java\BigDatalogLatest\sql\core\src\main\scala\org\apache\spark\sql\expressions\udaf.scala:33: warning: Could not find any member to link for "DoubleType".
  /**
  ^
C:\java\BigDatalogLatest\sql\core\src\main\scala\org\apache\spark\sql\expressions\udaf.scala:33: warning: Could not find any member to link for "LongType".
  /**
  ^
C:\java\BigDatalogLatest\sql\core\src\main\scala\org\apache\spark\sql\Dataset.scala:274: warning: Could not find any member to link for "RDD".
  /**
  ^
C:\java\BigDatalogLatest\sql\core\src\main\scala\org\apache\spark\sql\Dataset.scala:670: warning: Could not find any member to link for "Tuple2".
  /**
  ^
C:\java\BigDatalogLatest\sql\core\src\main\scala\org\apache\spark\sql\Dataset.scala:626: warning: Could not find any member to link for "Tuple2".
  /**
  ^
C:\java\BigDatalogLatest\sql\core\src\main\scala\org\apache\spark\sql\Dataset.scala:162: warning: Could not find any member to link for "RDD".
  /**
  ^
C:\java\BigDatalogLatest\sql\core\src\main\scala\org\apache\spark\sql\Dataset.scala:145: warning: Could not find any member to link for "Row".
  /**
  ^
C:\java\BigDatalogLatest\sql\core\src\main\scala\org\apache\spark\sql\DataFrameWriter.scala:202: warning: Could not find any member to link for "HadoopFsRelation".
  /**
  ^
C:\java\BigDatalogLatest\sql\core\src\main\scala\org\apache\spark\sql\DataFrame.scala:123: warning: Could not find any member to link for "SQLConf.dataFrameEagerAnalysis".
  /**
  ^
C:\java\BigDatalogLatest\sql\core\src\main\scala\org\apache\spark\sql\DataFrame.scala:1556: warning: Could not find any member to link for "RDD".
  /**
  ^
C:\java\BigDatalogLatest\sql\core\src\main\scala\org\apache\spark\sql\DataFrame.scala:1470: warning: Could not find any member to link for "Row".
  /**
  ^
C:\java\BigDatalogLatest\sql\core\src\main\scala\org\apache\spark\sql\DataFrame.scala:1483: warning: Could not find any member to link for "Row".
  /**
  ^
C:\java\BigDatalogLatest\sql\core\src\main\scala\org\apache\spark\sql\DataFrame.scala:1651: warning: Could not find any member to link for "JavaRDD".
  /**
  ^
C:\java\BigDatalogLatest\sql\core\src\main\scala\org\apache\spark\sql\DataFrame.scala:1651: warning: Could not find any member to link for "Row".
  /**
  ^
C:\java\BigDatalogLatest\sql\core\src\main\scala\org\apache\spark\sql\DataFrame.scala:1628: warning: Could not find any member to link for "RDD".
  /**
  ^
C:\java\BigDatalogLatest\sql\core\src\main\scala\org\apache\spark\sql\DataFrame.scala:1628: warning: Could not find any member to link for "Row".
  /**
  ^
C:\java\BigDatalogLatest\sql\core\src\main\scala\org\apache\spark\sql\DataFrame.scala:1644: warning: Could not find any member to link for "JavaRDD".
  /**
  ^
C:\java\BigDatalogLatest\sql\core\src\main\scala\org\apache\spark\sql\DataFrame.scala:1644: warning: Could not find any member to link for "Row".
  /**
  ^
C:\java\BigDatalogLatest\sql\core\src\main\scala\org\apache\spark\sql\DataFrame.scala:1989: warning: Could not find any member to link for "SaveMode.ErrorIfExists".
  /**
  ^
C:\java\BigDatalogLatest\sql\core\src\main\scala\org\apache\spark\sql\DataFrame.scala:1965: warning: Could not find any member to link for "SaveMode.ErrorIfExists".
  /**
  ^
C:\java\BigDatalogLatest\sql\core\src\main\scala\org\apache\spark\sql\DataFrame.scala:1934: warning: Could not find any member to link for "HadoopFsRelation".
  /**
  ^
C:\java\BigDatalogLatest\sql\core\src\main\scala\org\apache\spark\sql\DataFrame.scala:1904: warning: Could not find any member to link for "HadoopFsRelation".
  /**
  ^
C:\java\BigDatalogLatest\sql\core\src\main\scala\org\apache\spark\sql\DataFrame.scala:1878: warning: Could not find any member to link for "HadoopFsRelation".
  /**
  ^
C:\java\BigDatalogLatest\sql\core\src\main\scala\org\apache\spark\sql\DataFrame.scala:1852: warning: Could not find any member to link for "SaveMode.ErrorIfExists".
  /**
  ^
C:\java\BigDatalogLatest\sql\core\src\main\scala\org\apache\spark\sql\DataFrame.scala:1852: warning: Could not find any member to link for "HadoopFsRelation".
  /**
  ^
C:\java\BigDatalogLatest\sql\core\src\main\scala\org\apache\spark\sql\DataFrame.scala:1827: warning: Could not find any member to link for "SaveMode.ErrorIfExists".
  /**
  ^
C:\java\BigDatalogLatest\sql\core\src\main\scala\org\apache\spark\sql\DataFrame.scala:1827: warning: Could not find any member to link for "HadoopFsRelation".
  /**
  ^
C:\java\BigDatalogLatest\sql\core\src\main\scala\org\apache\spark\sql\DataFrame.scala:1802: warning: Could not find any member to link for "HadoopFsRelation".
  /**
  ^
C:\java\BigDatalogLatest\sql\core\src\main\scala\org\apache\spark\sql\Column.scala:1145: warning: Could not find any member to link for "StructField".
  /**
  ^
C:\java\BigDatalogLatest\sql\core\src\main\scala\org\apache\spark\sql\Column.scala:1139: warning: Could not find any member to link for "StructField".
  /**
  ^
C:\java\BigDatalogLatest\sql\core\src\main\scala\org\apache\spark\sql\Column.scala:1066: warning: Could not find any member to link for "StructField".
  /**
  ^
C:\java\BigDatalogLatest\sql\core\src\main\scala\org\apache\spark\sql\Column.scala:1072: warning: Could not find any member to link for "StructField".
  /**
  ^
C:\java\BigDatalogLatest\sql\core\src\main\scala\org\apache\spark\sql\Column.scala:1114: warning: Could not find any member to link for "StructField".
  /**
  ^
C:\java\BigDatalogLatest\sql\core\src\main\scala\org\apache\spark\sql\Column.scala:1126: warning: Could not find any member to link for "StructField".
  /**
  ^
C:\java\BigDatalogLatest\sql\core\src\main\scala\org\apache\spark\sql\Column.scala:1120: warning: Could not find any member to link for "StructField".
  /**
  ^
C:\java\BigDatalogLatest\sql\core\src\main\scala\org\apache\spark\sql\Column.scala:1102: warning: Could not find any member to link for "StructField".
  /**
  ^
C:\java\BigDatalogLatest\sql\core\src\main\scala\org\apache\spark\sql\Column.scala:1096: warning: Could not find any member to link for "StructField".
  /**
  ^
C:\java\BigDatalogLatest\sql\core\src\main\scala\org\apache\spark\sql\Column.scala:765: warning: Could not find any member to link for "StructType".
  /**
  ^
C:\java\BigDatalogLatest\sql\core\src\main\scala\org\apache\spark\sql\Column.scala:756: warning: Could not find any member to link for "MapType".
  /**
  ^
C:\java\BigDatalogLatest\sql\core\src\main\scala\org\apache\spark\sql\Column.scala:1084: warning: Could not find any member to link for "StructField".
  /**
  ^
C:\java\BigDatalogLatest\sql\core\src\main\scala\org\apache\spark\sql\Column.scala:1090: warning: Could not find any member to link for "StructField".
  /**
  ^
C:\java\BigDatalogLatest\sql\core\src\main\scala\org\apache\spark\sql\Column.scala:1151: warning: Could not find any member to link for "StructField".
  /**
  ^
C:\java\BigDatalogLatest\sql\core\src\main\scala\org\apache\spark\sql\Column.scala:1078: warning: Could not find any member to link for "StructField".
  /**
  ^
C:\java\BigDatalogLatest\sql\core\src\main\scala\org\apache\spark\sql\Column.scala:1108: warning: Could not find any member to link for "StructField".
  /**
  ^
C:\java\BigDatalogLatest\sql\core\src\main\scala\org\apache\spark\sql\Column.scala:1166: warning: Could not find any member to link for "StructField".
  /**
  ^
C:\java\BigDatalogLatest\sql\core\src\main\scala\org\apache\spark\sql\Column.scala:1160: warning: Could not find any member to link for "StructField".
  /**
  ^
C:\java\BigDatalogLatest\sql\core\src\main\scala\org\apache\spark\sql\Column.scala:1133: warning: Could not find any member to link for "StructField".
  /**
  ^
C:\java\BigDatalogLatest\sql\core\src\main\scala\org\apache\spark\sql\execution\python.scala:346: warning: Could not find any member to link for "PythonUDF".
/**
^
C:\java\BigDatalogLatest\sql\core\src\main\scala\org\apache\spark\sql\execution\basicOperators.scala:235: warning: Could not find any member to link for "RDD".
/**
^
C:\java\BigDatalogLatest\sql\core\src\main\scala\org\apache\spark\sql\execution\rowFormatConverters.scala:45: warning: Could not find any member to link for "UnsafeRow".
/**
^
C:\java\BigDatalogLatest\sql\core\src\main\scala\org\apache\spark\sql\execution\rowFormatConverters.scala:26: warning: Could not find any member to link for "UnsafeRow".
/**
^
C:\java\BigDatalogLatest\sql\core\src\main\scala\org\apache\spark\sql\execution\Exchange.scala:266: warning: Could not find any member to link for "org.apache.spark.sql.catalyst.plans.physical.Partitioning".
/**
^
C:\java\BigDatalogLatest\sql\core\src\main\scala\org\apache\spark\sql\execution\Exchange.scala:266: warning: Could not find any member to link for "org.apache.spark.sql.catalyst.plans.physical.Distribution".
/**
^
C:\java\BigDatalogLatest\sql\core\src\main\scala\org\apache\spark\sql\execution\python.scala:331: warning: Could not find any member to link for "PythonUDF".
/**
^
C:\java\BigDatalogLatest\sql\core\src\main\scala\org\apache\spark\sql\execution\Generate.scala:36: warning: Could not find any member to link for "Generator".
/**
^
C:\java\BigDatalogLatest\sql\core\src\main\scala\org\apache\spark\sql\execution\ShuffledRowRDD.scala:88: warning: Could not find any member to link for "org.apache.spark.rdd.ShuffledRDD".
/**
^
C:\java\BigDatalogLatest\sql\core\src\main\scala\org\apache\spark\sql\execution\ShuffledRowRDD.scala:88: warning: Could not find any member to link for "ShuffleDependency".
/**
^
C:\java\BigDatalogLatest\sql\core\src\main\scala\org\apache\spark\sql\execution\Window.scala:27: warning: Could not find any member to link for "WindowFunctionFrame".
/**
^
C:\java\BigDatalogLatest\sql\core\src\main\scala\org\apache\spark\sql\execution\Window.scala:27: warning: Could not find any member to link for "RowBoundOrdering".
/**
^
C:\java\BigDatalogLatest\sql\core\src\main\scala\org\apache\spark\sql\execution\Window.scala:27: warning: Could not find any member to link for "RangeBoundOrdering".
/**
^
C:\java\BigDatalogLatest\sql\core\src\main\scala\org\apache\spark\sql\execution\local\BinaryHashJoinNode.scala:25: warning: Could not find any member to link for "HashedRelation".
/**
^
C:\java\BigDatalogLatest\sql\core\src\main\scala\org\apache\spark\sql\execution\local\BroadcastHashJoinNode.scala:26: warning: Could not find any member to link for "HashedRelation".
/**
^
C:\java\BigDatalogLatest\sql\core\src\main\scala\org\apache\spark\sql\execution\local\LocalNode.scala:84: warning: Could not find any member to link for "Iterator".
  /**
  ^
C:\java\BigDatalogLatest\sql\core\src\main\scala\org\apache\spark\sql\execution\joins\HashedRelation.scala:38: warning: The link target "HashedRelation.apply" is ambiguous. Several members fit the target:
(input: Iterator[org.apache.spark.sql.catalyst.InternalRow],numInputRows: org.apache.spark.sql.execution.metric.LongSQLMetric,keyGenerator: org.apache.spark.sql.catalyst.expressions.Projection,sizeEstimate: Int): org.apache.spark.sql.execution.joins.HashedRelation in object HashedRelation [chosen]
(localNode: org.apache.spark.sql.execution.local.LocalNode,keyGenerator: org.apache.spark.sql.catalyst.expressions.Projection): org.apache.spark.sql.execution.joins.HashedRelation in object HashedRelation


/**
^
C:\java\BigDatalogLatest\sql\core\src\main\scala\org\apache\spark\sql\execution\aggregate\AggregationIterator.scala:27: warning: Could not find any member to link for "AggregateMode".
/**
^
C:\java\BigDatalogLatest\sql\core\src\main\scala\org\apache\spark\sql\execution\aggregate\SortBasedAggregationIterator.scala:25: warning: Could not find any member to link for "AggregateFunction".
/**
^
C:\java\BigDatalogLatest\sql\core\src\main\scala\org\apache\spark\sql\execution\aggregate\SortBasedAggregationIterator.scala:25: warning: Could not find any member to link for "groupingKeyAttributes".
/**
^
C:\java\BigDatalogLatest\sql\core\src\main\scala\org\apache\spark\sql\execution\aggregate\TungstenAggregationIterator.scala:32: warning: Could not find any member to link for "UnsafeRow".
/**
^
C:\java\BigDatalogLatest\sql\core\src\main\scala\org\apache\spark\sql\execution\aggregate\TungstenAggregationIterator.scala:32: warning: Could not find any member to link for "KVIterator".
/**
^
C:\java\BigDatalogLatest\sql\core\src\main\scala\org\apache\spark\sql\execution\aggregate\TungstenAggregationIterator.scala:32: warning: Could not find any member to link for "AggregateExpression".
/**
^
C:\java\BigDatalogLatest\sql\core\src\main\scala\org\apache\spark\sql\execution\aggregate\TungstenAggregationIterator.scala:32: warning: Could not find any member to link for "AggregateFunction".
/**
^
C:\java\BigDatalogLatest\sql\core\src\main\scala\org\apache\spark\sql\execution\aggregate\TungstenAggregationIterator.scala:32: warning: Could not find any member to link for "Partial".
/**
^
C:\java\BigDatalogLatest\sql\core\src\main\scala\org\apache\spark\sql\execution\aggregate\TungstenAggregationIterator.scala:32: warning: Could not find any member to link for "PartialMerge".
/**
^
C:\java\BigDatalogLatest\sql\core\src\main\scala\org\apache\spark\sql\execution\aggregate\TungstenAggregationIterator.scala:32: warning: Could not find any member to link for "Final".
/**
^
C:\java\BigDatalogLatest\sql\core\src\main\scala\org\apache\spark\sql\execution\aggregate\TungstenAggregationIterator.scala:32: warning: Could not find any member to link for "Complete".
/**
^
C:\java\BigDatalogLatest\sql\core\src\main\scala\org\apache\spark\sql\execution\datasources\ddl.scala:68: warning: Could not find any member to link for "Command".
/**
^
C:\java\BigDatalogLatest\sql\core\src\main\scala\org\apache\spark\sql\execution\datasources\ddl.scala:68: warning: Could not find any member to link for "PreWriteCheck".
/**
^
C:\java\BigDatalogLatest\sql\core\src\main\scala\org\apache\spark\sql\execution\datasources\LogicalRelation.scala:24: warning: Could not find any member to link for "BaseRelation".
/**
^
C:\java\BigDatalogLatest\sql\core\src\main\scala\org\apache\spark\sql\sources\interfaces.scala:376: warning: Could not find any member to link for "OutputWriter".
  /**
  ^
C:\java\BigDatalogLatest\sql\core\src\main\scala\org\apache\spark\sql\execution\datasources\json\JSONOptions.scala:22: warning: Could not find any member to link for "JsonParser.Feature".
/**
^
C:\java\BigDatalogLatest\sql\core\src\main\scala\org\apache\spark\sql\execution\datasources\json\JSONOptions.scala:36: warning: Could not find any member to link for "JsonFactory".
  /** Sets config options on a Jackson [[JsonFactory]]. */
  ^
C:\java\BigDatalogLatest\sql\core\src\main\scala\org\apache\spark\sql\execution\datasources\jdbc\JdbcUtils.scala:106: warning: Could not find any member to link for "org.apache.spark.sql.types.StringType".
  /**
  ^
124 warnings found
C:\java\BigDatalogLatest\sql\hive\src\main\scala\org\apache\spark\sql\hive\package.scala:20: warning: Could not find any member to link for "SQLContext".
/**
^
one warning found
C:\java\BigDatalogLatest\datalog\src\main\scala\edu\ucla\cs\wis\bigdatalog\spark\execution\aggregates\TungstenMonotonicAggregationIterator.scala:39: warning: Could not find any member to link for "UnsafeRow".
/**
^
C:\java\BigDatalogLatest\datalog\src\main\scala\edu\ucla\cs\wis\bigdatalog\spark\execution\aggregates\TungstenMonotonicAggregationIterator.scala:39: warning: Could not find any member to link for "KVIterator".
/**
^
C:\java\BigDatalogLatest\datalog\src\main\scala\edu\ucla\cs\wis\bigdatalog\spark\execution\aggregates\TungstenMonotonicAggregationIterator.scala:39: warning: Could not find any member to link for "AggregateExpression".
/**
^
C:\java\BigDatalogLatest\datalog\src\main\scala\edu\ucla\cs\wis\bigdatalog\spark\execution\aggregates\TungstenMonotonicAggregationIterator.scala:39: warning: Could not find any member to link for "AggregateFunction".
/**
^
C:\java\BigDatalogLatest\datalog\src\main\scala\edu\ucla\cs\wis\bigdatalog\spark\execution\aggregates\TungstenMonotonicAggregationIterator.scala:39: warning: Could not find any member to link for "Partial".
/**
^
C:\java\BigDatalogLatest\datalog\src\main\scala\edu\ucla\cs\wis\bigdatalog\spark\execution\aggregates\TungstenMonotonicAggregationIterator.scala:39: warning: Could not find any member to link for "PartialMerge".
/**
^
C:\java\BigDatalogLatest\datalog\src\main\scala\edu\ucla\cs\wis\bigdatalog\spark\execution\aggregates\TungstenMonotonicAggregationIterator.scala:39: warning: Could not find any member to link for "Final".
/**
^
C:\java\BigDatalogLatest\datalog\src\main\scala\edu\ucla\cs\wis\bigdatalog\spark\execution\aggregates\TungstenMonotonicAggregationIterator.scala:39: warning: Could not find any member to link for "Complete".
/**
^
8 warnings found
